<?xml version="1.0" encoding="UTF-8"?>
<!-- Generated by org.testng.reporters.JUnitXMLReporter -->
<testsuite hostname="admin" ignored="3" name="Test" tests="3" failures="0" timestamp="2023-01-18T14:27:34 IST" time="0.098" errors="0">
  <testcase name="updateCustomer1" time="0.017" classname="Practice_Package.updateCustomer_Test"/>
  <testcase name="Customer2_Test" time="0.0" classname="Practice_Package.CraeteCustomer_Test"/>
  <testcase name="Customer_Test" time="0.01" classname="Practice_Package.CraeteCustomer_Test"/>
  <testcase name="updateCustomer" time="0.0" classname="Practice_Package.updateCustomer_Test">
    <ignored/>
  </testcase> <!-- updateCustomer -->
  <testcase name="Customer1_Test" time="0.0" classname="Practice_Package.CraeteCustomer_Test">
    <ignored/>
  </testcase> <!-- Customer1_Test -->
  <testcase name="updateCustomer2" time="0.0" classname="Practice_Package.updateCustomer_Test">
    <ignored/>
  </testcase> <!-- updateCustomer2 -->
</testsuite> <!-- Test -->
