<?xml version="1.0" encoding="UTF-8"?>
<testng-results skipped="0" failed="0" ignored="0" total="1" passed="1">
  <reporter-output>
  </reporter-output>
  <suite name="Default suite" duration-ms="73" started-at="2023-01-18T14:58:41 IST" finished-at="2023-01-18T14:58:41 IST">
    <groups>
    </groups>
    <test name="Default test" duration-ms="73" started-at="2023-01-18T14:58:41 IST" finished-at="2023-01-18T14:58:41 IST">
      <class name="Practice_Package.RunConfig">
        <test-method status="PASS" signature="ConfigTest()[pri:0, instance:Practice_Package.RunConfig@fad74ee]" name="ConfigTest" duration-ms="23" started-at="2023-01-18T14:58:41 IST" finished-at="2023-01-18T14:58:41 IST">
          <reporter-output>
          </reporter-output>
        </test-method> <!-- ConfigTest -->
      </class> <!-- Practice_Package.RunConfig -->
    </test> <!-- Default test -->
  </suite> <!-- Default suite -->
</testng-results>
